<?xml version="1.0" encoding="UTF-8"?>
<robot generator="Robot 7.2.2 (Python 3.12.10 on win32)" generated="2025-07-22T14:03:53.693144" rpa="false" schemaversion="5">
<suite id="s1" name="CUSTOMER" source="C:\Users\JUMIASN\Desktop\ISI\QA\CUSTOMER">
<suite id="s1-s1" name="Testcases" source="C:\Users\JUMIASN\Desktop\ISI\QA\CUSTOMER\testcases">
<suite id="s1-s1-s1" name="Test Customer" source="C:\Users\JUMIASN\Desktop\ISI\QA\CUSTOMER\testcases\test_customer.robot">
<kw name="Ouverture du navigateur" owner="customer" type="SETUP">
<kw name="Open Browser" owner="SeleniumLibrary">
<msg time="2025-07-22T14:03:53.954434" level="INFO">Opening browser 'Chrome' to base url 'https://automationplayground.com/crm/index.html'.</msg>
<arg>${URL}</arg>
<arg>${BROWSER}</arg>
<doc>Opens a new browser instance to the optional ``url``.</doc>
<status status="PASS" start="2025-07-22T14:03:53.954434" elapsed="5.478218"/>
</kw>
<kw name="Wait Until Page Contains" owner="SeleniumLibrary">
<arg>Customers Are Priority One!</arg>
<doc>Waits until ``text`` appears on the current page.</doc>
<status status="PASS" start="2025-07-22T14:03:59.432652" elapsed="0.022087"/>
</kw>
<status status="PASS" start="2025-07-22T14:03:53.954434" elapsed="5.500305"/>
</kw>
<test id="s1-s1-s1-t1" name="Cas 1 - Home page should load" line="8">
<kw name="Verifier la page" owner="customer">
<kw name="Page Should Contain" owner="SeleniumLibrary">
<msg time="2025-07-22T14:03:59.475272" level="INFO">Current page contains text 'Customers Are Priority One!'.</msg>
<arg>Customers Are Priority One!</arg>
<doc>Verifies that current page contains ``text``.</doc>
<status status="PASS" start="2025-07-22T14:03:59.456095" elapsed="0.020183"/>
</kw>
<status status="PASS" start="2025-07-22T14:03:59.456095" elapsed="0.020183"/>
</kw>
<tag>formulaire</tag>
<tag>smoke</tag>
<status status="PASS" start="2025-07-22T14:03:59.455769" elapsed="0.020509"/>
</test>
<kw name="Fermer le navigateur" owner="customer" type="TEARDOWN">
<kw name="Close Browser" owner="SeleniumLibrary">
<doc>Closes the current browser.</doc>
<status status="PASS" start="2025-07-22T14:03:59.479764" elapsed="2.335064"/>
</kw>
<kw name="Sleep" owner="BuiltIn">
<msg time="2025-07-22T14:04:03.815466" level="INFO">Slept 2 seconds.</msg>
<arg>2s</arg>
<doc>Pauses the test executed for the given time.</doc>
<status status="PASS" start="2025-07-22T14:04:01.814828" elapsed="2.000638"/>
</kw>
<status status="PASS" start="2025-07-22T14:03:59.478434" elapsed="4.337032"/>
</kw>
<status status="PASS" start="2025-07-22T14:03:53.735477" elapsed="10.079989"/>
</suite>
<status status="PASS" start="2025-07-22T14:03:53.732724" elapsed="10.082742"/>
</suite>
<status status="PASS" start="2025-07-22T14:03:53.706573" elapsed="10.116015"/>
</suite>
<statistics>
<total>
<stat pass="1" fail="0" skip="0">All Tests</stat>
</total>
<tag>
<stat pass="1" fail="0" skip="0">formulaire</stat>
<stat pass="1" fail="0" skip="0">smoke</stat>
</tag>
<suite>
<stat name="CUSTOMER" id="s1" pass="1" fail="0" skip="0">CUSTOMER</stat>
<stat name="Testcases" id="s1-s1" pass="1" fail="0" skip="0">CUSTOMER.Testcases</stat>
<stat name="Test Customer" id="s1-s1-s1" pass="1" fail="0" skip="0">CUSTOMER.Testcases.Test Customer</stat>
</suite>
</statistics>
<errors>
</errors>
</robot>
